Analysis & Synthesis report for DE10_LITE
Sun Mar 30 16:47:13 2025
Quartus Prime Version 24.1std.0 Build 1077 03/04/2025 SC Lite Edition


---------------------
; Table of Contents ;
---------------------
  1. Legal Notice
  2. Analysis & Synthesis Summary
  3. Analysis & Synthesis Settings
  4. Parallel Compilation
  5. Analysis & Synthesis Source Files Read
  6. Analysis & Synthesis Resource Usage Summary
  7. Analysis & Synthesis Resource Utilization by Entity
  8. Analysis & Synthesis IP Cores Summary
  9. Registers Removed During Synthesis
 10. General Register Statistics
 11. Multiplexer Restructuring Statistics (Restructuring Performed)
 12. Parameter Settings for User Entity Instance: pll:pll_inst|altpll:altpll_component
 13. altpll Parameter Settings by Entity Instance
 14. Post-Synthesis Netlist Statistics for Top Partition
 15. Elapsed Time Per Partition
 16. Analysis & Synthesis Messages



----------------
; Legal Notice ;
----------------
Copyright (C) 2025  Altera Corporation. All rights reserved.
Your use of Altera Corporation's design tools, logic functions 
and other software and tools, and any partner logic 
functions, and any output files from any of the foregoing 
(including device programming or simulation files), and any 
associated documentation or information are expressly subject 
to the terms and conditions of the Altera Program License 
Subscription Agreement, the Altera Quartus Prime License Agreement,
the Altera IP License Agreement, or other applicable license
agreement, including, without limitation, that your use is for
the sole purpose of programming logic devices manufactured by
Altera and sold by Altera or its authorized distributors.  Please
refer to the Altera Software License Subscription Agreements 
on the Quartus Prime software download page.



+--------------------------------------------------------------------------------------+
; Analysis & Synthesis Summary                                                         ;
+------------------------------------+-------------------------------------------------+
; Analysis & Synthesis Status        ; Successful - Sun Mar 30 16:47:13 2025           ;
; Quartus Prime Version              ; 24.1std.0 Build 1077 03/04/2025 SC Lite Edition ;
; Revision Name                      ; DE10_LITE                                       ;
; Top-level Entity Name              ; DE10_LITE                                       ;
; Family                             ; MAX 10                                          ;
; Total logic elements               ; 167                                             ;
;     Total combinational functions  ; 159                                             ;
;     Dedicated logic registers      ; 79                                              ;
; Total registers                    ; 79                                              ;
; Total pins                         ; 149                                             ;
; Total virtual pins                 ; 0                                               ;
; Total memory bits                  ; 0                                               ;
; Embedded Multiplier 9-bit elements ; 0                                               ;
; Total PLLs                         ; 1                                               ;
; UFM blocks                         ; 0                                               ;
; ADC blocks                         ; 0                                               ;
+------------------------------------+-------------------------------------------------+


+------------------------------------------------------------------------------------------------------------+
; Analysis & Synthesis Settings                                                                              ;
+------------------------------------------------------------------+--------------------+--------------------+
; Option                                                           ; Setting            ; Default Value      ;
+------------------------------------------------------------------+--------------------+--------------------+
; Device                                                           ; 10M50DAF484C7G     ;                    ;
; Top-level entity name                                            ; DE10_LITE          ; DE10_LITE          ;
; Family name                                                      ; MAX 10 FPGA        ; Cyclone V          ;
; Maximum processors allowed for parallel compilation              ; 16                 ;                    ;
; Use smart compilation                                            ; Off                ; Off                ;
; Enable parallel Assembler and Timing Analyzer during compilation ; On                 ; On                 ;
; Enable compact report table                                      ; Off                ; Off                ;
; Restructure Multiplexers                                         ; Auto               ; Auto               ;
; Create Debugging Nodes for IP Cores                              ; Off                ; Off                ;
; Preserve fewer node names                                        ; On                 ; On                 ;
; Intel FPGA IP Evaluation Mode                                    ; Enable             ; Enable             ;
; Verilog Version                                                  ; Verilog_2001       ; Verilog_2001       ;
; VHDL Version                                                     ; VHDL_1993          ; VHDL_1993          ;
; State Machine Processing                                         ; Auto               ; Auto               ;
; Safe State Machine                                               ; Off                ; Off                ;
; Extract Verilog State Machines                                   ; On                 ; On                 ;
; Extract VHDL State Machines                                      ; On                 ; On                 ;
; Ignore Verilog initial constructs                                ; Off                ; Off                ;
; Iteration limit for constant Verilog loops                       ; 5000               ; 5000               ;
; Iteration limit for non-constant Verilog loops                   ; 250                ; 250                ;
; Add Pass-Through Logic to Inferred RAMs                          ; On                 ; On                 ;
; Infer RAMs from Raw Logic                                        ; On                 ; On                 ;
; Parallel Synthesis                                               ; On                 ; On                 ;
; DSP Block Balancing                                              ; Auto               ; Auto               ;
; NOT Gate Push-Back                                               ; On                 ; On                 ;
; Power-Up Don't Care                                              ; On                 ; On                 ;
; Remove Redundant Logic Cells                                     ; Off                ; Off                ;
; Remove Duplicate Registers                                       ; On                 ; On                 ;
; Ignore CARRY Buffers                                             ; Off                ; Off                ;
; Ignore CASCADE Buffers                                           ; Off                ; Off                ;
; Ignore GLOBAL Buffers                                            ; Off                ; Off                ;
; Ignore ROW GLOBAL Buffers                                        ; Off                ; Off                ;
; Ignore LCELL Buffers                                             ; Off                ; Off                ;
; Ignore SOFT Buffers                                              ; On                 ; On                 ;
; Limit AHDL Integers to 32 Bits                                   ; Off                ; Off                ;
; Optimization Technique                                           ; Balanced           ; Balanced           ;
; Carry Chain Length                                               ; 70                 ; 70                 ;
; Auto Carry Chains                                                ; On                 ; On                 ;
; Auto Open-Drain Pins                                             ; On                 ; On                 ;
; Perform WYSIWYG Primitive Resynthesis                            ; Off                ; Off                ;
; Auto ROM Replacement                                             ; On                 ; On                 ;
; Auto RAM Replacement                                             ; On                 ; On                 ;
; Auto DSP Block Replacement                                       ; On                 ; On                 ;
; Auto Shift Register Replacement                                  ; Auto               ; Auto               ;
; Allow Shift Register Merging across Hierarchies                  ; Auto               ; Auto               ;
; Auto Clock Enable Replacement                                    ; On                 ; On                 ;
; Strict RAM Replacement                                           ; Off                ; Off                ;
; Allow Synchronous Control Signals                                ; On                 ; On                 ;
; Force Use of Synchronous Clear Signals                           ; Off                ; Off                ;
; Auto RAM Block Balancing                                         ; On                 ; On                 ;
; Auto RAM to Logic Cell Conversion                                ; Off                ; Off                ;
; Auto Resource Sharing                                            ; Off                ; Off                ;
; Allow Any RAM Size For Recognition                               ; Off                ; Off                ;
; Allow Any ROM Size For Recognition                               ; Off                ; Off                ;
; Allow Any Shift Register Size For Recognition                    ; Off                ; Off                ;
; Use LogicLock Constraints during Resource Balancing              ; On                 ; On                 ;
; Ignore translate_off and synthesis_off directives                ; Off                ; Off                ;
; Timing-Driven Synthesis                                          ; On                 ; On                 ;
; Report Parameter Settings                                        ; On                 ; On                 ;
; Report Source Assignments                                        ; On                 ; On                 ;
; Report Connectivity Checks                                       ; On                 ; On                 ;
; Ignore Maximum Fan-Out Assignments                               ; Off                ; Off                ;
; Synchronization Register Chain Length                            ; 2                  ; 2                  ;
; Power Optimization During Synthesis                              ; Normal compilation ; Normal compilation ;
; HDL message level                                                ; Level2             ; Level2             ;
; Suppress Register Optimization Related Messages                  ; Off                ; Off                ;
; Number of Removed Registers Reported in Synthesis Report         ; 5000               ; 5000               ;
; Number of Swept Nodes Reported in Synthesis Report               ; 5000               ; 5000               ;
; Number of Inverted Registers Reported in Synthesis Report        ; 100                ; 100                ;
; Clock MUX Protection                                             ; On                 ; On                 ;
; Auto Gated Clock Conversion                                      ; Off                ; Off                ;
; Block Design Naming                                              ; Auto               ; Auto               ;
; SDC constraint protection                                        ; Off                ; Off                ;
; Synthesis Effort                                                 ; Auto               ; Auto               ;
; Shift Register Replacement - Allow Asynchronous Clear Signal     ; On                 ; On                 ;
; Pre-Mapping Resynthesis Optimization                             ; Off                ; Off                ;
; Analysis & Synthesis Message Level                               ; Medium             ; Medium             ;
; Disable Register Merging Across Hierarchies                      ; Auto               ; Auto               ;
; Resource Aware Inference For Block RAM                           ; On                 ; On                 ;
+------------------------------------------------------------------+--------------------+--------------------+


+------------------------------------------+
; Parallel Compilation                     ;
+----------------------------+-------------+
; Processors                 ; Number      ;
+----------------------------+-------------+
; Number detected on machine ; 16          ;
; Maximum allowed            ; 16          ;
;                            ;             ;
; Average used               ; 1.00        ;
; Maximum used               ; 16          ;
;                            ;             ;
; Usage by Processor         ; % Time Used ;
;     Processor 1            ; 100.0%      ;
;     Processors 2-16        ;   0.0%      ;
+----------------------------+-------------+


+--------------------------------------------------------------------------------------------------------------------------------------------------------------------------------------+
; Analysis & Synthesis Source Files Read                                                                                                                                               ;
+----------------------------------+-----------------+------------------------------+----------------------------------------------------------------------------------------+---------+
; File Name with User-Entered Path ; Used in Netlist ; File Type                    ; File Name with Absolute Path                                                           ; Library ;
+----------------------------------+-----------------+------------------------------+----------------------------------------------------------------------------------------+---------+
; ../comp/segment_test.vhd         ; yes             ; User VHDL File               ; /home/hwilcox/Documents/fpga_testing/comp/segment_test.vhd                             ;         ;
; DE10_LITE.vhd                    ; yes             ; User VHDL File               ; /home/hwilcox/Documents/fpga_testing/quartus/DE10_LITE.vhd                             ;         ;
; ../comp/segment_display.vhd      ; yes             ; User VHDL File               ; /home/hwilcox/Documents/fpga_testing/comp/segment_display.vhd                          ;         ;
; ../comp/VGA_Controller.vhd       ; yes             ; User VHDL File               ; /home/hwilcox/Documents/fpga_testing/comp/VGA_Controller.vhd                           ;         ;
; pll.v                            ; yes             ; User Wizard-Generated File   ; /home/hwilcox/Documents/fpga_testing/quartus/pll.v                                     ;         ;
; altpll.tdf                       ; yes             ; Megafunction                 ; /home/hwilcox/intelFPGA_lite/24.1std/quartus/libraries/megafunctions/altpll.tdf        ;         ;
; aglobal241.inc                   ; yes             ; Megafunction                 ; /home/hwilcox/intelFPGA_lite/24.1std/quartus/libraries/megafunctions/aglobal241.inc    ;         ;
; stratix_pll.inc                  ; yes             ; Megafunction                 ; /home/hwilcox/intelFPGA_lite/24.1std/quartus/libraries/megafunctions/stratix_pll.inc   ;         ;
; stratixii_pll.inc                ; yes             ; Megafunction                 ; /home/hwilcox/intelFPGA_lite/24.1std/quartus/libraries/megafunctions/stratixii_pll.inc ;         ;
; cycloneii_pll.inc                ; yes             ; Megafunction                 ; /home/hwilcox/intelFPGA_lite/24.1std/quartus/libraries/megafunctions/cycloneii_pll.inc ;         ;
; db/pll_altpll.v                  ; yes             ; Auto-Generated Megafunction  ; /home/hwilcox/Documents/fpga_testing/quartus/db/pll_altpll.v                           ;         ;
+----------------------------------+-----------------+------------------------------+----------------------------------------------------------------------------------------+---------+


+-------------------------------------------------------------------+
; Analysis & Synthesis Resource Usage Summary                       ;
+---------------------------------------------+---------------------+
; Resource                                    ; Usage               ;
+---------------------------------------------+---------------------+
; Estimated Total logic elements              ; 167                 ;
;                                             ;                     ;
; Total combinational functions               ; 159                 ;
; Logic element usage by number of LUT inputs ;                     ;
;     -- 4 input functions                    ; 75                  ;
;     -- 3 input functions                    ; 7                   ;
;     -- <=2 input functions                  ; 77                  ;
;                                             ;                     ;
; Logic elements by mode                      ;                     ;
;     -- normal mode                          ; 97                  ;
;     -- arithmetic mode                      ; 62                  ;
;                                             ;                     ;
; Total registers                             ; 79                  ;
;     -- Dedicated logic registers            ; 79                  ;
;     -- I/O registers                        ; 0                   ;
;                                             ;                     ;
; I/O pins                                    ; 149                 ;
;                                             ;                     ;
; Embedded Multiplier 9-bit elements          ; 0                   ;
;                                             ;                     ;
; Total PLLs                                  ; 1                   ;
;     -- PLLs                                 ; 1                   ;
;                                             ;                     ;
; Maximum fan-out node                        ; MAX10_CLK1_50~input ;
; Maximum fan-out                             ; 50                  ;
; Total fan-out                               ; 875                 ;
; Average fan-out                             ; 1.57                ;
+---------------------------------------------+---------------------+


+---------------------------------------------------------------------------------------------------------------------------------------------------------------------------------------------------------------------------------------------------------------------------------------------------------------+
; Analysis & Synthesis Resource Utilization by Entity                                                                                                                                                                                                                                                           ;
+---------------------------------------------+---------------------+---------------------------+-------------+------------+--------------+---------+-----------+------+--------------+------------+---------------------------------------------------------------------------+-----------------+--------------+
; Compilation Hierarchy Node                  ; Combinational ALUTs ; Dedicated Logic Registers ; Memory Bits ; UFM Blocks ; DSP Elements ; DSP 9x9 ; DSP 18x18 ; Pins ; Virtual Pins ; ADC blocks ; Full Hierarchy Name                                                       ; Entity Name     ; Library Name ;
+---------------------------------------------+---------------------+---------------------------+-------------+------------+--------------+---------+-----------+------+--------------+------------+---------------------------------------------------------------------------+-----------------+--------------+
; |DE10_LITE                                  ; 159 (56)            ; 79 (49)                   ; 0           ; 0          ; 0            ; 0       ; 0         ; 149  ; 0            ; 0          ; |DE10_LITE                                                                ; DE10_LITE       ; work         ;
;    |VGA_Controller:VGA|                     ; 59 (59)             ; 30 (30)                   ; 0           ; 0          ; 0            ; 0       ; 0         ; 0    ; 0            ; 0          ; |DE10_LITE|VGA_Controller:VGA                                             ; VGA_Controller  ; work         ;
;    |pll:pll_inst|                           ; 0 (0)               ; 0 (0)                     ; 0           ; 0          ; 0            ; 0       ; 0         ; 0    ; 0            ; 0          ; |DE10_LITE|pll:pll_inst                                                   ; pll             ; work         ;
;       |altpll:altpll_component|             ; 0 (0)               ; 0 (0)                     ; 0           ; 0          ; 0            ; 0       ; 0         ; 0    ; 0            ; 0          ; |DE10_LITE|pll:pll_inst|altpll:altpll_component                           ; altpll          ; work         ;
;          |pll_altpll:auto_generated|        ; 0 (0)               ; 0 (0)                     ; 0           ; 0          ; 0            ; 0       ; 0         ; 0    ; 0            ; 0          ; |DE10_LITE|pll:pll_inst|altpll:altpll_component|pll_altpll:auto_generated ; pll_altpll      ; work         ;
;    |segment_display:Display|                ; 44 (0)              ; 0 (0)                     ; 0           ; 0          ; 0            ; 0       ; 0         ; 0    ; 0            ; 0          ; |DE10_LITE|segment_display:Display                                        ; segment_display ; work         ;
;       |segment_test:SEGMENT_Test_Control_0| ; 9 (9)               ; 0 (0)                     ; 0           ; 0          ; 0            ; 0       ; 0         ; 0    ; 0            ; 0          ; |DE10_LITE|segment_display:Display|segment_test:SEGMENT_Test_Control_0    ; segment_test    ; work         ;
;       |segment_test:SEGMENT_Test_Control_1| ; 7 (7)               ; 0 (0)                     ; 0           ; 0          ; 0            ; 0       ; 0         ; 0    ; 0            ; 0          ; |DE10_LITE|segment_display:Display|segment_test:SEGMENT_Test_Control_1    ; segment_test    ; work         ;
;       |segment_test:SEGMENT_Test_Control_2| ; 7 (7)               ; 0 (0)                     ; 0           ; 0          ; 0            ; 0       ; 0         ; 0    ; 0            ; 0          ; |DE10_LITE|segment_display:Display|segment_test:SEGMENT_Test_Control_2    ; segment_test    ; work         ;
;       |segment_test:SEGMENT_Test_Control_3| ; 7 (7)               ; 0 (0)                     ; 0           ; 0          ; 0            ; 0       ; 0         ; 0    ; 0            ; 0          ; |DE10_LITE|segment_display:Display|segment_test:SEGMENT_Test_Control_3    ; segment_test    ; work         ;
;       |segment_test:SEGMENT_Test_Control_4| ; 7 (7)               ; 0 (0)                     ; 0           ; 0          ; 0            ; 0       ; 0         ; 0    ; 0            ; 0          ; |DE10_LITE|segment_display:Display|segment_test:SEGMENT_Test_Control_4    ; segment_test    ; work         ;
;       |segment_test:SEGMENT_Test_Control_5| ; 7 (7)               ; 0 (0)                     ; 0           ; 0          ; 0            ; 0       ; 0         ; 0    ; 0            ; 0          ; |DE10_LITE|segment_display:Display|segment_test:SEGMENT_Test_Control_5    ; segment_test    ; work         ;
+---------------------------------------------+---------------------+---------------------------+-------------+------------+--------------+---------+-----------+------+--------------+------------+---------------------------------------------------------------------------+-----------------+--------------+
Note: For table entries with two numbers listed, the numbers in parentheses indicate the number of resources of the given type used by the specific entity alone. The numbers listed outside of parentheses indicate the total resources of the given type used by the specific entity and all of its sub-entities in the hierarchy.


+-----------------------------------------------------------------------------------------------------------+
; Analysis & Synthesis IP Cores Summary                                                                     ;
+--------+--------------+---------+--------------+--------------+-------------------------+-----------------+
; Vendor ; IP Core Name ; Version ; Release Date ; License Type ; Entity Instance         ; IP Include File ;
+--------+--------------+---------+--------------+--------------+-------------------------+-----------------+
; Altera ; ALTPLL       ; 24.1    ; N/A          ; N/A          ; |DE10_LITE|pll:pll_inst ; pll.v           ;
+--------+--------------+---------+--------------+--------------+-------------------------+-----------------+


+--------------------------------------------------------------------------------+
; Registers Removed During Synthesis                                             ;
+---------------------------------------+----------------------------------------+
; Register name                         ; Reason for Removal                     ;
+---------------------------------------+----------------------------------------+
; VGA_Controller:VGA|VGA_G[0..3]        ; Stuck at GND due to stuck port data_in ;
; led                                   ; Merged with data[0]                    ;
; Total Number of Removed Registers = 5 ;                                        ;
+---------------------------------------+----------------------------------------+


+------------------------------------------------------+
; General Register Statistics                          ;
+----------------------------------------------+-------+
; Statistic                                    ; Value ;
+----------------------------------------------+-------+
; Total registers                              ; 79    ;
; Number of registers using Synchronous Clear  ; 0     ;
; Number of registers using Synchronous Load   ; 0     ;
; Number of registers using Asynchronous Clear ; 0     ;
; Number of registers using Asynchronous Load  ; 0     ;
; Number of registers using Clock Enable       ; 25    ;
; Number of registers using Preset             ; 0     ;
+----------------------------------------------+-------+


+------------------------------------------------------------------------------------------------------------------------------------------------------------------------------------------------------+
; Multiplexer Restructuring Statistics (Restructuring Performed)                                                                                                                                       ;
+--------------------+-----------+---------------+----------------------+------------------------+------------+----------------------------------------------------------------------------------------+
; Multiplexer Inputs ; Bus Width ; Baseline Area ; Area if Restructured ; Saving if Restructured ; Registered ; Example Multiplexer Output                                                             ;
+--------------------+-----------+---------------+----------------------+------------------------+------------+----------------------------------------------------------------------------------------+
; 3:1                ; 10 bits   ; 20 LEs        ; 20 LEs               ; 0 LEs                  ; No         ; |DE10_LITE|VGA_Controller:VGA|counter_y                                                ;
; 16:1               ; 2 bits    ; 20 LEs        ; 16 LEs               ; 4 LEs                  ; No         ; |DE10_LITE|segment_display:Display|segment_test:SEGMENT_Test_Control_0|HEXR_Control[3] ;
; 16:1               ; 2 bits    ; 20 LEs        ; 16 LEs               ; 4 LEs                  ; No         ; |DE10_LITE|segment_display:Display|segment_test:SEGMENT_Test_Control_1|HEXR_Control[3] ;
; 16:1               ; 2 bits    ; 20 LEs        ; 16 LEs               ; 4 LEs                  ; No         ; |DE10_LITE|segment_display:Display|segment_test:SEGMENT_Test_Control_2|HEXR_Control[6] ;
; 16:1               ; 2 bits    ; 20 LEs        ; 16 LEs               ; 4 LEs                  ; No         ; |DE10_LITE|segment_display:Display|segment_test:SEGMENT_Test_Control_3|HEXR_Control[3] ;
; 16:1               ; 2 bits    ; 20 LEs        ; 16 LEs               ; 4 LEs                  ; No         ; |DE10_LITE|segment_display:Display|segment_test:SEGMENT_Test_Control_4|HEXR_Control[6] ;
; 16:1               ; 2 bits    ; 20 LEs        ; 16 LEs               ; 4 LEs                  ; No         ; |DE10_LITE|segment_display:Display|segment_test:SEGMENT_Test_Control_5|HEXR_Control[6] ;
+--------------------+-----------+---------------+----------------------+------------------------+------------+----------------------------------------------------------------------------------------+


+-----------------------------------------------------------------------------------+
; Parameter Settings for User Entity Instance: pll:pll_inst|altpll:altpll_component ;
+-------------------------------+-----------------------+---------------------------+
; Parameter Name                ; Value                 ; Type                      ;
+-------------------------------+-----------------------+---------------------------+
; OPERATION_MODE                ; NORMAL                ; Untyped                   ;
; PLL_TYPE                      ; AUTO                  ; Untyped                   ;
; LPM_HINT                      ; CBX_MODULE_PREFIX=pll ; Untyped                   ;
; QUALIFY_CONF_DONE             ; OFF                   ; Untyped                   ;
; COMPENSATE_CLOCK              ; CLK0                  ; Untyped                   ;
; SCAN_CHAIN                    ; LONG                  ; Untyped                   ;
; PRIMARY_CLOCK                 ; INCLK0                ; Untyped                   ;
; INCLK0_INPUT_FREQUENCY        ; 20000                 ; Signed Integer            ;
; INCLK1_INPUT_FREQUENCY        ; 0                     ; Untyped                   ;
; GATE_LOCK_SIGNAL              ; NO                    ; Untyped                   ;
; GATE_LOCK_COUNTER             ; 0                     ; Untyped                   ;
; LOCK_HIGH                     ; 1                     ; Untyped                   ;
; LOCK_LOW                      ; 1                     ; Untyped                   ;
; VALID_LOCK_MULTIPLIER         ; 1                     ; Untyped                   ;
; INVALID_LOCK_MULTIPLIER       ; 5                     ; Untyped                   ;
; SWITCH_OVER_ON_LOSSCLK        ; OFF                   ; Untyped                   ;
; SWITCH_OVER_ON_GATED_LOCK     ; OFF                   ; Untyped                   ;
; ENABLE_SWITCH_OVER_COUNTER    ; OFF                   ; Untyped                   ;
; SKIP_VCO                      ; OFF                   ; Untyped                   ;
; SWITCH_OVER_COUNTER           ; 0                     ; Untyped                   ;
; SWITCH_OVER_TYPE              ; AUTO                  ; Untyped                   ;
; FEEDBACK_SOURCE               ; EXTCLK0               ; Untyped                   ;
; BANDWIDTH                     ; 0                     ; Untyped                   ;
; BANDWIDTH_TYPE                ; AUTO                  ; Untyped                   ;
; SPREAD_FREQUENCY              ; 0                     ; Untyped                   ;
; DOWN_SPREAD                   ; 0                     ; Untyped                   ;
; SELF_RESET_ON_GATED_LOSS_LOCK ; OFF                   ; Untyped                   ;
; SELF_RESET_ON_LOSS_LOCK       ; OFF                   ; Untyped                   ;
; CLK9_MULTIPLY_BY              ; 0                     ; Untyped                   ;
; CLK8_MULTIPLY_BY              ; 0                     ; Untyped                   ;
; CLK7_MULTIPLY_BY              ; 0                     ; Untyped                   ;
; CLK6_MULTIPLY_BY              ; 0                     ; Untyped                   ;
; CLK5_MULTIPLY_BY              ; 1                     ; Untyped                   ;
; CLK4_MULTIPLY_BY              ; 1                     ; Untyped                   ;
; CLK3_MULTIPLY_BY              ; 1                     ; Untyped                   ;
; CLK2_MULTIPLY_BY              ; 1                     ; Untyped                   ;
; CLK1_MULTIPLY_BY              ; 1                     ; Untyped                   ;
; CLK0_MULTIPLY_BY              ; 1007                  ; Signed Integer            ;
; CLK9_DIVIDE_BY                ; 0                     ; Untyped                   ;
; CLK8_DIVIDE_BY                ; 0                     ; Untyped                   ;
; CLK7_DIVIDE_BY                ; 0                     ; Untyped                   ;
; CLK6_DIVIDE_BY                ; 0                     ; Untyped                   ;
; CLK5_DIVIDE_BY                ; 1                     ; Untyped                   ;
; CLK4_DIVIDE_BY                ; 1                     ; Untyped                   ;
; CLK3_DIVIDE_BY                ; 1                     ; Untyped                   ;
; CLK2_DIVIDE_BY                ; 1                     ; Untyped                   ;
; CLK1_DIVIDE_BY                ; 1                     ; Untyped                   ;
; CLK0_DIVIDE_BY                ; 2000                  ; Signed Integer            ;
; CLK9_PHASE_SHIFT              ; 0                     ; Untyped                   ;
; CLK8_PHASE_SHIFT              ; 0                     ; Untyped                   ;
; CLK7_PHASE_SHIFT              ; 0                     ; Untyped                   ;
; CLK6_PHASE_SHIFT              ; 0                     ; Untyped                   ;
; CLK5_PHASE_SHIFT              ; 0                     ; Untyped                   ;
; CLK4_PHASE_SHIFT              ; 0                     ; Untyped                   ;
; CLK3_PHASE_SHIFT              ; 0                     ; Untyped                   ;
; CLK2_PHASE_SHIFT              ; 0                     ; Untyped                   ;
; CLK1_PHASE_SHIFT              ; 0                     ; Untyped                   ;
; CLK0_PHASE_SHIFT              ; 0                     ; Untyped                   ;
; CLK5_TIME_DELAY               ; 0                     ; Untyped                   ;
; CLK4_TIME_DELAY               ; 0                     ; Untyped                   ;
; CLK3_TIME_DELAY               ; 0                     ; Untyped                   ;
; CLK2_TIME_DELAY               ; 0                     ; Untyped                   ;
; CLK1_TIME_DELAY               ; 0                     ; Untyped                   ;
; CLK0_TIME_DELAY               ; 0                     ; Untyped                   ;
; CLK9_DUTY_CYCLE               ; 50                    ; Untyped                   ;
; CLK8_DUTY_CYCLE               ; 50                    ; Untyped                   ;
; CLK7_DUTY_CYCLE               ; 50                    ; Untyped                   ;
; CLK6_DUTY_CYCLE               ; 50                    ; Untyped                   ;
; CLK5_DUTY_CYCLE               ; 50                    ; Untyped                   ;
; CLK4_DUTY_CYCLE               ; 50                    ; Untyped                   ;
; CLK3_DUTY_CYCLE               ; 50                    ; Untyped                   ;
; CLK2_DUTY_CYCLE               ; 50                    ; Untyped                   ;
; CLK1_DUTY_CYCLE               ; 50                    ; Untyped                   ;
; CLK0_DUTY_CYCLE               ; 50                    ; Signed Integer            ;
; CLK9_USE_EVEN_COUNTER_MODE    ; OFF                   ; Untyped                   ;
; CLK8_USE_EVEN_COUNTER_MODE    ; OFF                   ; Untyped                   ;
; CLK7_USE_EVEN_COUNTER_MODE    ; OFF                   ; Untyped                   ;
; CLK6_USE_EVEN_COUNTER_MODE    ; OFF                   ; Untyped                   ;
; CLK5_USE_EVEN_COUNTER_MODE    ; OFF                   ; Untyped                   ;
; CLK4_USE_EVEN_COUNTER_MODE    ; OFF                   ; Untyped                   ;
; CLK3_USE_EVEN_COUNTER_MODE    ; OFF                   ; Untyped                   ;
; CLK2_USE_EVEN_COUNTER_MODE    ; OFF                   ; Untyped                   ;
; CLK1_USE_EVEN_COUNTER_MODE    ; OFF                   ; Untyped                   ;
; CLK0_USE_EVEN_COUNTER_MODE    ; OFF                   ; Untyped                   ;
; CLK9_USE_EVEN_COUNTER_VALUE   ; OFF                   ; Untyped                   ;
; CLK8_USE_EVEN_COUNTER_VALUE   ; OFF                   ; Untyped                   ;
; CLK7_USE_EVEN_COUNTER_VALUE   ; OFF                   ; Untyped                   ;
; CLK6_USE_EVEN_COUNTER_VALUE   ; OFF                   ; Untyped                   ;
; CLK5_USE_EVEN_COUNTER_VALUE   ; OFF                   ; Untyped                   ;
; CLK4_USE_EVEN_COUNTER_VALUE   ; OFF                   ; Untyped                   ;
; CLK3_USE_EVEN_COUNTER_VALUE   ; OFF                   ; Untyped                   ;
; CLK2_USE_EVEN_COUNTER_VALUE   ; OFF                   ; Untyped                   ;
; CLK1_USE_EVEN_COUNTER_VALUE   ; OFF                   ; Untyped                   ;
; CLK0_USE_EVEN_COUNTER_VALUE   ; OFF                   ; Untyped                   ;
; LOCK_WINDOW_UI                ;  0.05                 ; Untyped                   ;
; LOCK_WINDOW_UI_BITS           ; UNUSED                ; Untyped                   ;
; VCO_RANGE_DETECTOR_LOW_BITS   ; UNUSED                ; Untyped                   ;
; VCO_RANGE_DETECTOR_HIGH_BITS  ; UNUSED                ; Untyped                   ;
; DPA_MULTIPLY_BY               ; 0                     ; Untyped                   ;
; DPA_DIVIDE_BY                 ; 1                     ; Untyped                   ;
; DPA_DIVIDER                   ; 0                     ; Untyped                   ;
; EXTCLK3_MULTIPLY_BY           ; 1                     ; Untyped                   ;
; EXTCLK2_MULTIPLY_BY           ; 1                     ; Untyped                   ;
; EXTCLK1_MULTIPLY_BY           ; 1                     ; Untyped                   ;
; EXTCLK0_MULTIPLY_BY           ; 1                     ; Untyped                   ;
; EXTCLK3_DIVIDE_BY             ; 1                     ; Untyped                   ;
; EXTCLK2_DIVIDE_BY             ; 1                     ; Untyped                   ;
; EXTCLK1_DIVIDE_BY             ; 1                     ; Untyped                   ;
; EXTCLK0_DIVIDE_BY             ; 1                     ; Untyped                   ;
; EXTCLK3_PHASE_SHIFT           ; 0                     ; Untyped                   ;
; EXTCLK2_PHASE_SHIFT           ; 0                     ; Untyped                   ;
; EXTCLK1_PHASE_SHIFT           ; 0                     ; Untyped                   ;
; EXTCLK0_PHASE_SHIFT           ; 0                     ; Untyped                   ;
; EXTCLK3_TIME_DELAY            ; 0                     ; Untyped                   ;
; EXTCLK2_TIME_DELAY            ; 0                     ; Untyped                   ;
; EXTCLK1_TIME_DELAY            ; 0                     ; Untyped                   ;
; EXTCLK0_TIME_DELAY            ; 0                     ; Untyped                   ;
; EXTCLK3_DUTY_CYCLE            ; 50                    ; Untyped                   ;
; EXTCLK2_DUTY_CYCLE            ; 50                    ; Untyped                   ;
; EXTCLK1_DUTY_CYCLE            ; 50                    ; Untyped                   ;
; EXTCLK0_DUTY_CYCLE            ; 50                    ; Untyped                   ;
; VCO_MULTIPLY_BY               ; 0                     ; Untyped                   ;
; VCO_DIVIDE_BY                 ; 0                     ; Untyped                   ;
; SCLKOUT0_PHASE_SHIFT          ; 0                     ; Untyped                   ;
; SCLKOUT1_PHASE_SHIFT          ; 0                     ; Untyped                   ;
; VCO_MIN                       ; 0                     ; Untyped                   ;
; VCO_MAX                       ; 0                     ; Untyped                   ;
; VCO_CENTER                    ; 0                     ; Untyped                   ;
; PFD_MIN                       ; 0                     ; Untyped                   ;
; PFD_MAX                       ; 0                     ; Untyped                   ;
; M_INITIAL                     ; 0                     ; Untyped                   ;
; M                             ; 0                     ; Untyped                   ;
; N                             ; 1                     ; Untyped                   ;
; M2                            ; 1                     ; Untyped                   ;
; N2                            ; 1                     ; Untyped                   ;
; SS                            ; 1                     ; Untyped                   ;
; C0_HIGH                       ; 0                     ; Untyped                   ;
; C1_HIGH                       ; 0                     ; Untyped                   ;
; C2_HIGH                       ; 0                     ; Untyped                   ;
; C3_HIGH                       ; 0                     ; Untyped                   ;
; C4_HIGH                       ; 0                     ; Untyped                   ;
; C5_HIGH                       ; 0                     ; Untyped                   ;
; C6_HIGH                       ; 0                     ; Untyped                   ;
; C7_HIGH                       ; 0                     ; Untyped                   ;
; C8_HIGH                       ; 0                     ; Untyped                   ;
; C9_HIGH                       ; 0                     ; Untyped                   ;
; C0_LOW                        ; 0                     ; Untyped                   ;
; C1_LOW                        ; 0                     ; Untyped                   ;
; C2_LOW                        ; 0                     ; Untyped                   ;
; C3_LOW                        ; 0                     ; Untyped                   ;
; C4_LOW                        ; 0                     ; Untyped                   ;
; C5_LOW                        ; 0                     ; Untyped                   ;
; C6_LOW                        ; 0                     ; Untyped                   ;
; C7_LOW                        ; 0                     ; Untyped                   ;
; C8_LOW                        ; 0                     ; Untyped                   ;
; C9_LOW                        ; 0                     ; Untyped                   ;
; C0_INITIAL                    ; 0                     ; Untyped                   ;
; C1_INITIAL                    ; 0                     ; Untyped                   ;
; C2_INITIAL                    ; 0                     ; Untyped                   ;
; C3_INITIAL                    ; 0                     ; Untyped                   ;
; C4_INITIAL                    ; 0                     ; Untyped                   ;
; C5_INITIAL                    ; 0                     ; Untyped                   ;
; C6_INITIAL                    ; 0                     ; Untyped                   ;
; C7_INITIAL                    ; 0                     ; Untyped                   ;
; C8_INITIAL                    ; 0                     ; Untyped                   ;
; C9_INITIAL                    ; 0                     ; Untyped                   ;
; C0_MODE                       ; BYPASS                ; Untyped                   ;
; C1_MODE                       ; BYPASS                ; Untyped                   ;
; C2_MODE                       ; BYPASS                ; Untyped                   ;
; C3_MODE                       ; BYPASS                ; Untyped                   ;
; C4_MODE                       ; BYPASS                ; Untyped                   ;
; C5_MODE                       ; BYPASS                ; Untyped                   ;
; C6_MODE                       ; BYPASS                ; Untyped                   ;
; C7_MODE                       ; BYPASS                ; Untyped                   ;
; C8_MODE                       ; BYPASS                ; Untyped                   ;
; C9_MODE                       ; BYPASS                ; Untyped                   ;
; C0_PH                         ; 0                     ; Untyped                   ;
; C1_PH                         ; 0                     ; Untyped                   ;
; C2_PH                         ; 0                     ; Untyped                   ;
; C3_PH                         ; 0                     ; Untyped                   ;
; C4_PH                         ; 0                     ; Untyped                   ;
; C5_PH                         ; 0                     ; Untyped                   ;
; C6_PH                         ; 0                     ; Untyped                   ;
; C7_PH                         ; 0                     ; Untyped                   ;
; C8_PH                         ; 0                     ; Untyped                   ;
; C9_PH                         ; 0                     ; Untyped                   ;
; L0_HIGH                       ; 1                     ; Untyped                   ;
; L1_HIGH                       ; 1                     ; Untyped                   ;
; G0_HIGH                       ; 1                     ; Untyped                   ;
; G1_HIGH                       ; 1                     ; Untyped                   ;
; G2_HIGH                       ; 1                     ; Untyped                   ;
; G3_HIGH                       ; 1                     ; Untyped                   ;
; E0_HIGH                       ; 1                     ; Untyped                   ;
; E1_HIGH                       ; 1                     ; Untyped                   ;
; E2_HIGH                       ; 1                     ; Untyped                   ;
; E3_HIGH                       ; 1                     ; Untyped                   ;
; L0_LOW                        ; 1                     ; Untyped                   ;
; L1_LOW                        ; 1                     ; Untyped                   ;
; G0_LOW                        ; 1                     ; Untyped                   ;
; G1_LOW                        ; 1                     ; Untyped                   ;
; G2_LOW                        ; 1                     ; Untyped                   ;
; G3_LOW                        ; 1                     ; Untyped                   ;
; E0_LOW                        ; 1                     ; Untyped                   ;
; E1_LOW                        ; 1                     ; Untyped                   ;
; E2_LOW                        ; 1                     ; Untyped                   ;
; E3_LOW                        ; 1                     ; Untyped                   ;
; L0_INITIAL                    ; 1                     ; Untyped                   ;
; L1_INITIAL                    ; 1                     ; Untyped                   ;
; G0_INITIAL                    ; 1                     ; Untyped                   ;
; G1_INITIAL                    ; 1                     ; Untyped                   ;
; G2_INITIAL                    ; 1                     ; Untyped                   ;
; G3_INITIAL                    ; 1                     ; Untyped                   ;
; E0_INITIAL                    ; 1                     ; Untyped                   ;
; E1_INITIAL                    ; 1                     ; Untyped                   ;
; E2_INITIAL                    ; 1                     ; Untyped                   ;
; E3_INITIAL                    ; 1                     ; Untyped                   ;
; L0_MODE                       ; BYPASS                ; Untyped                   ;
; L1_MODE                       ; BYPASS                ; Untyped                   ;
; G0_MODE                       ; BYPASS                ; Untyped                   ;
; G1_MODE                       ; BYPASS                ; Untyped                   ;
; G2_MODE                       ; BYPASS                ; Untyped                   ;
; G3_MODE                       ; BYPASS                ; Untyped                   ;
; E0_MODE                       ; BYPASS                ; Untyped                   ;
; E1_MODE                       ; BYPASS                ; Untyped                   ;
; E2_MODE                       ; BYPASS                ; Untyped                   ;
; E3_MODE                       ; BYPASS                ; Untyped                   ;
; L0_PH                         ; 0                     ; Untyped                   ;
; L1_PH                         ; 0                     ; Untyped                   ;
; G0_PH                         ; 0                     ; Untyped                   ;
; G1_PH                         ; 0                     ; Untyped                   ;
; G2_PH                         ; 0                     ; Untyped                   ;
; G3_PH                         ; 0                     ; Untyped                   ;
; E0_PH                         ; 0                     ; Untyped                   ;
; E1_PH                         ; 0                     ; Untyped                   ;
; E2_PH                         ; 0                     ; Untyped                   ;
; E3_PH                         ; 0                     ; Untyped                   ;
; M_PH                          ; 0                     ; Untyped                   ;
; C1_USE_CASC_IN                ; OFF                   ; Untyped                   ;
; C2_USE_CASC_IN                ; OFF                   ; Untyped                   ;
; C3_USE_CASC_IN                ; OFF                   ; Untyped                   ;
; C4_USE_CASC_IN                ; OFF                   ; Untyped                   ;
; C5_USE_CASC_IN                ; OFF                   ; Untyped                   ;
; C6_USE_CASC_IN                ; OFF                   ; Untyped                   ;
; C7_USE_CASC_IN                ; OFF                   ; Untyped                   ;
; C8_USE_CASC_IN                ; OFF                   ; Untyped                   ;
; C9_USE_CASC_IN                ; OFF                   ; Untyped                   ;
; CLK0_COUNTER                  ; G0                    ; Untyped                   ;
; CLK1_COUNTER                  ; G0                    ; Untyped                   ;
; CLK2_COUNTER                  ; G0                    ; Untyped                   ;
; CLK3_COUNTER                  ; G0                    ; Untyped                   ;
; CLK4_COUNTER                  ; G0                    ; Untyped                   ;
; CLK5_COUNTER                  ; G0                    ; Untyped                   ;
; CLK6_COUNTER                  ; E0                    ; Untyped                   ;
; CLK7_COUNTER                  ; E1                    ; Untyped                   ;
; CLK8_COUNTER                  ; E2                    ; Untyped                   ;
; CLK9_COUNTER                  ; E3                    ; Untyped                   ;
; L0_TIME_DELAY                 ; 0                     ; Untyped                   ;
; L1_TIME_DELAY                 ; 0                     ; Untyped                   ;
; G0_TIME_DELAY                 ; 0                     ; Untyped                   ;
; G1_TIME_DELAY                 ; 0                     ; Untyped                   ;
; G2_TIME_DELAY                 ; 0                     ; Untyped                   ;
; G3_TIME_DELAY                 ; 0                     ; Untyped                   ;
; E0_TIME_DELAY                 ; 0                     ; Untyped                   ;
; E1_TIME_DELAY                 ; 0                     ; Untyped                   ;
; E2_TIME_DELAY                 ; 0                     ; Untyped                   ;
; E3_TIME_DELAY                 ; 0                     ; Untyped                   ;
; M_TIME_DELAY                  ; 0                     ; Untyped                   ;
; N_TIME_DELAY                  ; 0                     ; Untyped                   ;
; EXTCLK3_COUNTER               ; E3                    ; Untyped                   ;
; EXTCLK2_COUNTER               ; E2                    ; Untyped                   ;
; EXTCLK1_COUNTER               ; E1                    ; Untyped                   ;
; EXTCLK0_COUNTER               ; E0                    ; Untyped                   ;
; ENABLE0_COUNTER               ; L0                    ; Untyped                   ;
; ENABLE1_COUNTER               ; L0                    ; Untyped                   ;
; CHARGE_PUMP_CURRENT           ; 2                     ; Untyped                   ;
; LOOP_FILTER_R                 ;  1.000000             ; Untyped                   ;
; LOOP_FILTER_C                 ; 5                     ; Untyped                   ;
; CHARGE_PUMP_CURRENT_BITS      ; 9999                  ; Untyped                   ;
; LOOP_FILTER_R_BITS            ; 9999                  ; Untyped                   ;
; LOOP_FILTER_C_BITS            ; 9999                  ; Untyped                   ;
; VCO_POST_SCALE                ; 0                     ; Untyped                   ;
; CLK2_OUTPUT_FREQUENCY         ; 0                     ; Untyped                   ;
; CLK1_OUTPUT_FREQUENCY         ; 0                     ; Untyped                   ;
; CLK0_OUTPUT_FREQUENCY         ; 0                     ; Untyped                   ;
; INTENDED_DEVICE_FAMILY        ; MAX 10                ; Untyped                   ;
; PORT_CLKENA0                  ; PORT_UNUSED           ; Untyped                   ;
; PORT_CLKENA1                  ; PORT_UNUSED           ; Untyped                   ;
; PORT_CLKENA2                  ; PORT_UNUSED           ; Untyped                   ;
; PORT_CLKENA3                  ; PORT_UNUSED           ; Untyped                   ;
; PORT_CLKENA4                  ; PORT_UNUSED           ; Untyped                   ;
; PORT_CLKENA5                  ; PORT_UNUSED           ; Untyped                   ;
; PORT_EXTCLKENA0               ; PORT_CONNECTIVITY     ; Untyped                   ;
; PORT_EXTCLKENA1               ; PORT_CONNECTIVITY     ; Untyped                   ;
; PORT_EXTCLKENA2               ; PORT_CONNECTIVITY     ; Untyped                   ;
; PORT_EXTCLKENA3               ; PORT_CONNECTIVITY     ; Untyped                   ;
; PORT_EXTCLK0                  ; PORT_UNUSED           ; Untyped                   ;
; PORT_EXTCLK1                  ; PORT_UNUSED           ; Untyped                   ;
; PORT_EXTCLK2                  ; PORT_UNUSED           ; Untyped                   ;
; PORT_EXTCLK3                  ; PORT_UNUSED           ; Untyped                   ;
; PORT_CLKBAD0                  ; PORT_UNUSED           ; Untyped                   ;
; PORT_CLKBAD1                  ; PORT_UNUSED           ; Untyped                   ;
; PORT_CLK0                     ; PORT_USED             ; Untyped                   ;
; PORT_CLK1                     ; PORT_UNUSED           ; Untyped                   ;
; PORT_CLK2                     ; PORT_UNUSED           ; Untyped                   ;
; PORT_CLK3                     ; PORT_UNUSED           ; Untyped                   ;
; PORT_CLK4                     ; PORT_UNUSED           ; Untyped                   ;
; PORT_CLK5                     ; PORT_UNUSED           ; Untyped                   ;
; PORT_CLK6                     ; PORT_UNUSED           ; Untyped                   ;
; PORT_CLK7                     ; PORT_UNUSED           ; Untyped                   ;
; PORT_CLK8                     ; PORT_UNUSED           ; Untyped                   ;
; PORT_CLK9                     ; PORT_UNUSED           ; Untyped                   ;
; PORT_SCANDATA                 ; PORT_UNUSED           ; Untyped                   ;
; PORT_SCANDATAOUT              ; PORT_UNUSED           ; Untyped                   ;
; PORT_SCANDONE                 ; PORT_UNUSED           ; Untyped                   ;
; PORT_SCLKOUT1                 ; PORT_CONNECTIVITY     ; Untyped                   ;
; PORT_SCLKOUT0                 ; PORT_CONNECTIVITY     ; Untyped                   ;
; PORT_ACTIVECLOCK              ; PORT_UNUSED           ; Untyped                   ;
; PORT_CLKLOSS                  ; PORT_UNUSED           ; Untyped                   ;
; PORT_INCLK1                   ; PORT_UNUSED           ; Untyped                   ;
; PORT_INCLK0                   ; PORT_USED             ; Untyped                   ;
; PORT_FBIN                     ; PORT_UNUSED           ; Untyped                   ;
; PORT_PLLENA                   ; PORT_UNUSED           ; Untyped                   ;
; PORT_CLKSWITCH                ; PORT_UNUSED           ; Untyped                   ;
; PORT_ARESET                   ; PORT_UNUSED           ; Untyped                   ;
; PORT_PFDENA                   ; PORT_UNUSED           ; Untyped                   ;
; PORT_SCANCLK                  ; PORT_UNUSED           ; Untyped                   ;
; PORT_SCANACLR                 ; PORT_UNUSED           ; Untyped                   ;
; PORT_SCANREAD                 ; PORT_UNUSED           ; Untyped                   ;
; PORT_SCANWRITE                ; PORT_UNUSED           ; Untyped                   ;
; PORT_ENABLE0                  ; PORT_CONNECTIVITY     ; Untyped                   ;
; PORT_ENABLE1                  ; PORT_CONNECTIVITY     ; Untyped                   ;
; PORT_LOCKED                   ; PORT_UNUSED           ; Untyped                   ;
; PORT_CONFIGUPDATE             ; PORT_UNUSED           ; Untyped                   ;
; PORT_FBOUT                    ; PORT_CONNECTIVITY     ; Untyped                   ;
; PORT_PHASEDONE                ; PORT_UNUSED           ; Untyped                   ;
; PORT_PHASESTEP                ; PORT_UNUSED           ; Untyped                   ;
; PORT_PHASEUPDOWN              ; PORT_UNUSED           ; Untyped                   ;
; PORT_SCANCLKENA               ; PORT_UNUSED           ; Untyped                   ;
; PORT_PHASECOUNTERSELECT       ; PORT_UNUSED           ; Untyped                   ;
; PORT_VCOOVERRANGE             ; PORT_CONNECTIVITY     ; Untyped                   ;
; PORT_VCOUNDERRANGE            ; PORT_CONNECTIVITY     ; Untyped                   ;
; M_TEST_SOURCE                 ; 5                     ; Untyped                   ;
; C0_TEST_SOURCE                ; 5                     ; Untyped                   ;
; C1_TEST_SOURCE                ; 5                     ; Untyped                   ;
; C2_TEST_SOURCE                ; 5                     ; Untyped                   ;
; C3_TEST_SOURCE                ; 5                     ; Untyped                   ;
; C4_TEST_SOURCE                ; 5                     ; Untyped                   ;
; C5_TEST_SOURCE                ; 5                     ; Untyped                   ;
; C6_TEST_SOURCE                ; 5                     ; Untyped                   ;
; C7_TEST_SOURCE                ; 5                     ; Untyped                   ;
; C8_TEST_SOURCE                ; 5                     ; Untyped                   ;
; C9_TEST_SOURCE                ; 5                     ; Untyped                   ;
; CBXI_PARAMETER                ; pll_altpll            ; Untyped                   ;
; VCO_FREQUENCY_CONTROL         ; AUTO                  ; Untyped                   ;
; VCO_PHASE_SHIFT_STEP          ; 0                     ; Untyped                   ;
; WIDTH_CLOCK                   ; 5                     ; Signed Integer            ;
; WIDTH_PHASECOUNTERSELECT      ; 4                     ; Untyped                   ;
; USING_FBMIMICBIDIR_PORT       ; OFF                   ; Untyped                   ;
; DEVICE_FAMILY                 ; MAX 10                ; Untyped                   ;
; SCAN_CHAIN_MIF_FILE           ; UNUSED                ; Untyped                   ;
; SIM_GATE_LOCK_DEVICE_BEHAVIOR ; OFF                   ; Untyped                   ;
; AUTO_CARRY_CHAINS             ; ON                    ; AUTO_CARRY                ;
; IGNORE_CARRY_BUFFERS          ; OFF                   ; IGNORE_CARRY              ;
; AUTO_CASCADE_CHAINS           ; ON                    ; AUTO_CASCADE              ;
; IGNORE_CASCADE_BUFFERS        ; OFF                   ; IGNORE_CASCADE            ;
+-------------------------------+-----------------------+---------------------------+
Note: In order to hide this table in the UI and the text report file, please set the "Show Parameter Settings in Synthesis Report" option in "Analysis and Synthesis Settings -> More Settings" to "Off".


+----------------------------------------------------------------------+
; altpll Parameter Settings by Entity Instance                         ;
+-------------------------------+--------------------------------------+
; Name                          ; Value                                ;
+-------------------------------+--------------------------------------+
; Number of entity instances    ; 1                                    ;
; Entity Instance               ; pll:pll_inst|altpll:altpll_component ;
;     -- OPERATION_MODE         ; NORMAL                               ;
;     -- PLL_TYPE               ; AUTO                                 ;
;     -- PRIMARY_CLOCK          ; INCLK0                               ;
;     -- INCLK0_INPUT_FREQUENCY ; 20000                                ;
;     -- INCLK1_INPUT_FREQUENCY ; 0                                    ;
;     -- VCO_MULTIPLY_BY        ; 0                                    ;
;     -- VCO_DIVIDE_BY          ; 0                                    ;
+-------------------------------+--------------------------------------+


+-----------------------------------------------------+
; Post-Synthesis Netlist Statistics for Top Partition ;
+-----------------------+-----------------------------+
; Type                  ; Count                       ;
+-----------------------+-----------------------------+
; boundary_port         ; 149                         ;
; cycloneiii_ff         ; 79                          ;
;     ENA               ; 25                          ;
;     plain             ; 54                          ;
; cycloneiii_io_obuf    ; 19                          ;
; cycloneiii_lcell_comb ; 164                         ;
;     arith             ; 62                          ;
;         2 data inputs ; 60                          ;
;         3 data inputs ; 2                           ;
;     normal            ; 102                         ;
;         0 data inputs ; 2                           ;
;         1 data inputs ; 9                           ;
;         2 data inputs ; 11                          ;
;         3 data inputs ; 5                           ;
;         4 data inputs ; 75                          ;
; cycloneiii_pll        ; 1                           ;
;                       ;                             ;
; Max LUT depth         ; 9.00                        ;
; Average LUT depth     ; 3.23                        ;
+-----------------------+-----------------------------+


+-------------------------------+
; Elapsed Time Per Partition    ;
+----------------+--------------+
; Partition Name ; Elapsed Time ;
+----------------+--------------+
; Top            ; 00:00:00     ;
+----------------+--------------+


+-------------------------------+
; Analysis & Synthesis Messages ;
+-------------------------------+
Info: *******************************************************************
Info: Running Quartus Prime Analysis & Synthesis
    Info: Version 24.1std.0 Build 1077 03/04/2025 SC Lite Edition
    Info: Processing started: Sun Mar 30 16:47:08 2025
Info: Command: quartus_map --read_settings_files=on --write_settings_files=off DE10_LITE -c DE10_LITE
Info (20032): Parallel compilation is enabled and will use up to 16 processors
Info (12021): Found 2 design units, including 1 entities, in source file /home/hwilcox/Documents/fpga_testing/comp/segment_test.vhd
    Info (12022): Found design unit 1: segment_test-behavior File: /home/hwilcox/Documents/fpga_testing/comp/segment_test.vhd Line: 20
    Info (12023): Found entity 1: segment_test File: /home/hwilcox/Documents/fpga_testing/comp/segment_test.vhd Line: 13
Info (12021): Found 2 design units, including 1 entities, in source file /home/hwilcox/Documents/fpga_testing/comp/and_gate.vhdl
    Info (12022): Found design unit 1: and_gate-behavior File: /home/hwilcox/Documents/fpga_testing/comp/and_gate.vhdl Line: 12
    Info (12023): Found entity 1: and_gate File: /home/hwilcox/Documents/fpga_testing/comp/and_gate.vhdl Line: 4
Info (12021): Found 2 design units, including 1 entities, in source file /home/hwilcox/Documents/fpga_testing/comp/led_test.vhd
    Info (12022): Found design unit 1: led_test-Behavioral File: /home/hwilcox/Documents/fpga_testing/comp/led_test.vhd Line: 10
    Info (12023): Found entity 1: led_test File: /home/hwilcox/Documents/fpga_testing/comp/led_test.vhd Line: 4
Info (12021): Found 2 design units, including 1 entities, in source file DE10_LITE.vhd
    Info (12022): Found design unit 1: DE10_LITE-Rtl File: /home/hwilcox/Documents/fpga_testing/quartus/DE10_LITE.vhd Line: 53
    Info (12023): Found entity 1: DE10_LITE File: /home/hwilcox/Documents/fpga_testing/quartus/DE10_LITE.vhd Line: 5
Info (12021): Found 2 design units, including 1 entities, in source file /home/hwilcox/Documents/fpga_testing/comp/segment_display.vhd
    Info (12022): Found design unit 1: segment_display-behavior File: /home/hwilcox/Documents/fpga_testing/comp/segment_display.vhd Line: 16
    Info (12023): Found entity 1: segment_display File: /home/hwilcox/Documents/fpga_testing/comp/segment_display.vhd Line: 4
Info (12021): Found 2 design units, including 1 entities, in source file /home/hwilcox/Documents/fpga_testing/comp/VGA_Controller.vhd
    Info (12022): Found design unit 1: VGA_Controller-behavior File: /home/hwilcox/Documents/fpga_testing/comp/VGA_Controller.vhd Line: 15
    Info (12023): Found entity 1: VGA_Controller File: /home/hwilcox/Documents/fpga_testing/comp/VGA_Controller.vhd Line: 4
Info (12021): Found 1 design units, including 1 entities, in source file pll.v
    Info (12023): Found entity 1: pll File: /home/hwilcox/Documents/fpga_testing/quartus/pll.v Line: 40
Info (12127): Elaborating entity "DE10_LITE" for the top level hierarchy
Warning (10541): VHDL Signal Declaration warning at DE10_LITE.vhd(11): used implicit default value for signal "DRAM_ADDR" because signal was never assigned a value or an explicit default value. Use of implicit default value may introduce unintended design optimizations. File: /home/hwilcox/Documents/fpga_testing/quartus/DE10_LITE.vhd Line: 11
Warning (10541): VHDL Signal Declaration warning at DE10_LITE.vhd(12): used implicit default value for signal "DRAM_BA" because signal was never assigned a value or an explicit default value. Use of implicit default value may introduce unintended design optimizations. File: /home/hwilcox/Documents/fpga_testing/quartus/DE10_LITE.vhd Line: 12
Warning (10541): VHDL Signal Declaration warning at DE10_LITE.vhd(13): used implicit default value for signal "DRAM_CAS_N" because signal was never assigned a value or an explicit default value. Use of implicit default value may introduce unintended design optimizations. File: /home/hwilcox/Documents/fpga_testing/quartus/DE10_LITE.vhd Line: 13
Warning (10541): VHDL Signal Declaration warning at DE10_LITE.vhd(14): used implicit default value for signal "DRAM_CKE" because signal was never assigned a value or an explicit default value. Use of implicit default value may introduce unintended design optimizations. File: /home/hwilcox/Documents/fpga_testing/quartus/DE10_LITE.vhd Line: 14
Warning (10541): VHDL Signal Declaration warning at DE10_LITE.vhd(15): used implicit default value for signal "DRAM_CLK" because signal was never assigned a value or an explicit default value. Use of implicit default value may introduce unintended design optimizations. File: /home/hwilcox/Documents/fpga_testing/quartus/DE10_LITE.vhd Line: 15
Warning (10541): VHDL Signal Declaration warning at DE10_LITE.vhd(16): used implicit default value for signal "DRAM_CS_N" because signal was never assigned a value or an explicit default value. Use of implicit default value may introduce unintended design optimizations. File: /home/hwilcox/Documents/fpga_testing/quartus/DE10_LITE.vhd Line: 16
Warning (10541): VHDL Signal Declaration warning at DE10_LITE.vhd(18): used implicit default value for signal "DRAM_LDQM" because signal was never assigned a value or an explicit default value. Use of implicit default value may introduce unintended design optimizations. File: /home/hwilcox/Documents/fpga_testing/quartus/DE10_LITE.vhd Line: 18
Warning (10541): VHDL Signal Declaration warning at DE10_LITE.vhd(19): used implicit default value for signal "DRAM_RAS_N" because signal was never assigned a value or an explicit default value. Use of implicit default value may introduce unintended design optimizations. File: /home/hwilcox/Documents/fpga_testing/quartus/DE10_LITE.vhd Line: 19
Warning (10541): VHDL Signal Declaration warning at DE10_LITE.vhd(20): used implicit default value for signal "DRAM_UDQM" because signal was never assigned a value or an explicit default value. Use of implicit default value may introduce unintended design optimizations. File: /home/hwilcox/Documents/fpga_testing/quartus/DE10_LITE.vhd Line: 20
Warning (10541): VHDL Signal Declaration warning at DE10_LITE.vhd(21): used implicit default value for signal "DRAM_WE_N" because signal was never assigned a value or an explicit default value. Use of implicit default value may introduce unintended design optimizations. File: /home/hwilcox/Documents/fpga_testing/quartus/DE10_LITE.vhd Line: 21
Warning (10541): VHDL Signal Declaration warning at DE10_LITE.vhd(42): used implicit default value for signal "GSENSOR_CS_N" because signal was never assigned a value or an explicit default value. Use of implicit default value may introduce unintended design optimizations. File: /home/hwilcox/Documents/fpga_testing/quartus/DE10_LITE.vhd Line: 42
Warning (10541): VHDL Signal Declaration warning at DE10_LITE.vhd(44): used implicit default value for signal "GSENSOR_SCLK" because signal was never assigned a value or an explicit default value. Use of implicit default value may introduce unintended design optimizations. File: /home/hwilcox/Documents/fpga_testing/quartus/DE10_LITE.vhd Line: 44
Warning (10873): Using initial value X (don't care) for net "LEDR[9..1]" at DE10_LITE.vhd(32) File: /home/hwilcox/Documents/fpga_testing/quartus/DE10_LITE.vhd Line: 32
Info (12128): Elaborating entity "pll" for hierarchy "pll:pll_inst" File: /home/hwilcox/Documents/fpga_testing/quartus/DE10_LITE.vhd Line: 98
Info (12128): Elaborating entity "altpll" for hierarchy "pll:pll_inst|altpll:altpll_component" File: /home/hwilcox/Documents/fpga_testing/quartus/pll.v Line: 91
Info (12130): Elaborated megafunction instantiation "pll:pll_inst|altpll:altpll_component" File: /home/hwilcox/Documents/fpga_testing/quartus/pll.v Line: 91
Info (12133): Instantiated megafunction "pll:pll_inst|altpll:altpll_component" with the following parameter: File: /home/hwilcox/Documents/fpga_testing/quartus/pll.v Line: 91
    Info (12134): Parameter "bandwidth_type" = "AUTO"
    Info (12134): Parameter "clk0_divide_by" = "2000"
    Info (12134): Parameter "clk0_duty_cycle" = "50"
    Info (12134): Parameter "clk0_multiply_by" = "1007"
    Info (12134): Parameter "clk0_phase_shift" = "0"
    Info (12134): Parameter "compensate_clock" = "CLK0"
    Info (12134): Parameter "inclk0_input_frequency" = "20000"
    Info (12134): Parameter "intended_device_family" = "MAX 10"
    Info (12134): Parameter "lpm_hint" = "CBX_MODULE_PREFIX=pll"
    Info (12134): Parameter "lpm_type" = "altpll"
    Info (12134): Parameter "operation_mode" = "NORMAL"
    Info (12134): Parameter "pll_type" = "AUTO"
    Info (12134): Parameter "port_activeclock" = "PORT_UNUSED"
    Info (12134): Parameter "port_areset" = "PORT_UNUSED"
    Info (12134): Parameter "port_clkbad0" = "PORT_UNUSED"
    Info (12134): Parameter "port_clkbad1" = "PORT_UNUSED"
    Info (12134): Parameter "port_clkloss" = "PORT_UNUSED"
    Info (12134): Parameter "port_clkswitch" = "PORT_UNUSED"
    Info (12134): Parameter "port_configupdate" = "PORT_UNUSED"
    Info (12134): Parameter "port_fbin" = "PORT_UNUSED"
    Info (12134): Parameter "port_inclk0" = "PORT_USED"
    Info (12134): Parameter "port_inclk1" = "PORT_UNUSED"
    Info (12134): Parameter "port_locked" = "PORT_UNUSED"
    Info (12134): Parameter "port_pfdena" = "PORT_UNUSED"
    Info (12134): Parameter "port_phasecounterselect" = "PORT_UNUSED"
    Info (12134): Parameter "port_phasedone" = "PORT_UNUSED"
    Info (12134): Parameter "port_phasestep" = "PORT_UNUSED"
    Info (12134): Parameter "port_phaseupdown" = "PORT_UNUSED"
    Info (12134): Parameter "port_pllena" = "PORT_UNUSED"
    Info (12134): Parameter "port_scanaclr" = "PORT_UNUSED"
    Info (12134): Parameter "port_scanclk" = "PORT_UNUSED"
    Info (12134): Parameter "port_scanclkena" = "PORT_UNUSED"
    Info (12134): Parameter "port_scandata" = "PORT_UNUSED"
    Info (12134): Parameter "port_scandataout" = "PORT_UNUSED"
    Info (12134): Parameter "port_scandone" = "PORT_UNUSED"
    Info (12134): Parameter "port_scanread" = "PORT_UNUSED"
    Info (12134): Parameter "port_scanwrite" = "PORT_UNUSED"
    Info (12134): Parameter "port_clk0" = "PORT_USED"
    Info (12134): Parameter "port_clk1" = "PORT_UNUSED"
    Info (12134): Parameter "port_clk2" = "PORT_UNUSED"
    Info (12134): Parameter "port_clk3" = "PORT_UNUSED"
    Info (12134): Parameter "port_clk4" = "PORT_UNUSED"
    Info (12134): Parameter "port_clk5" = "PORT_UNUSED"
    Info (12134): Parameter "port_clkena0" = "PORT_UNUSED"
    Info (12134): Parameter "port_clkena1" = "PORT_UNUSED"
    Info (12134): Parameter "port_clkena2" = "PORT_UNUSED"
    Info (12134): Parameter "port_clkena3" = "PORT_UNUSED"
    Info (12134): Parameter "port_clkena4" = "PORT_UNUSED"
    Info (12134): Parameter "port_clkena5" = "PORT_UNUSED"
    Info (12134): Parameter "port_extclk0" = "PORT_UNUSED"
    Info (12134): Parameter "port_extclk1" = "PORT_UNUSED"
    Info (12134): Parameter "port_extclk2" = "PORT_UNUSED"
    Info (12134): Parameter "port_extclk3" = "PORT_UNUSED"
    Info (12134): Parameter "width_clock" = "5"
Info (12021): Found 1 design units, including 1 entities, in source file db/pll_altpll.v
    Info (12023): Found entity 1: pll_altpll File: /home/hwilcox/Documents/fpga_testing/quartus/db/pll_altpll.v Line: 30
Info (12128): Elaborating entity "pll_altpll" for hierarchy "pll:pll_inst|altpll:altpll_component|pll_altpll:auto_generated" File: /home/hwilcox/intelFPGA_lite/24.1std/quartus/libraries/megafunctions/altpll.tdf Line: 898
Info (12128): Elaborating entity "segment_display" for hierarchy "segment_display:Display" File: /home/hwilcox/Documents/fpga_testing/quartus/DE10_LITE.vhd Line: 104
Info (12128): Elaborating entity "segment_test" for hierarchy "segment_display:Display|segment_test:SEGMENT_Test_Control_0" File: /home/hwilcox/Documents/fpga_testing/comp/segment_display.vhd Line: 25
Warning (10492): VHDL Process Statement warning at segment_test.vhd(24): signal "B" is read inside the Process Statement but isn't in the Process Statement's sensitivity list File: /home/hwilcox/Documents/fpga_testing/comp/segment_test.vhd Line: 24
Warning (10492): VHDL Process Statement warning at segment_test.vhd(26): signal "B" is read inside the Process Statement but isn't in the Process Statement's sensitivity list File: /home/hwilcox/Documents/fpga_testing/comp/segment_test.vhd Line: 26
Warning (10492): VHDL Process Statement warning at segment_test.vhd(28): signal "B" is read inside the Process Statement but isn't in the Process Statement's sensitivity list File: /home/hwilcox/Documents/fpga_testing/comp/segment_test.vhd Line: 28
Warning (10492): VHDL Process Statement warning at segment_test.vhd(30): signal "B" is read inside the Process Statement but isn't in the Process Statement's sensitivity list File: /home/hwilcox/Documents/fpga_testing/comp/segment_test.vhd Line: 30
Warning (10492): VHDL Process Statement warning at segment_test.vhd(32): signal "B" is read inside the Process Statement but isn't in the Process Statement's sensitivity list File: /home/hwilcox/Documents/fpga_testing/comp/segment_test.vhd Line: 32
Warning (10492): VHDL Process Statement warning at segment_test.vhd(34): signal "B" is read inside the Process Statement but isn't in the Process Statement's sensitivity list File: /home/hwilcox/Documents/fpga_testing/comp/segment_test.vhd Line: 34
Warning (10492): VHDL Process Statement warning at segment_test.vhd(36): signal "B" is read inside the Process Statement but isn't in the Process Statement's sensitivity list File: /home/hwilcox/Documents/fpga_testing/comp/segment_test.vhd Line: 36
Warning (10492): VHDL Process Statement warning at segment_test.vhd(38): signal "B" is read inside the Process Statement but isn't in the Process Statement's sensitivity list File: /home/hwilcox/Documents/fpga_testing/comp/segment_test.vhd Line: 38
Warning (10492): VHDL Process Statement warning at segment_test.vhd(40): signal "B" is read inside the Process Statement but isn't in the Process Statement's sensitivity list File: /home/hwilcox/Documents/fpga_testing/comp/segment_test.vhd Line: 40
Warning (10492): VHDL Process Statement warning at segment_test.vhd(42): signal "B" is read inside the Process Statement but isn't in the Process Statement's sensitivity list File: /home/hwilcox/Documents/fpga_testing/comp/segment_test.vhd Line: 42
Warning (10492): VHDL Process Statement warning at segment_test.vhd(44): signal "B" is read inside the Process Statement but isn't in the Process Statement's sensitivity list File: /home/hwilcox/Documents/fpga_testing/comp/segment_test.vhd Line: 44
Warning (10492): VHDL Process Statement warning at segment_test.vhd(46): signal "B" is read inside the Process Statement but isn't in the Process Statement's sensitivity list File: /home/hwilcox/Documents/fpga_testing/comp/segment_test.vhd Line: 46
Warning (10492): VHDL Process Statement warning at segment_test.vhd(48): signal "B" is read inside the Process Statement but isn't in the Process Statement's sensitivity list File: /home/hwilcox/Documents/fpga_testing/comp/segment_test.vhd Line: 48
Warning (10492): VHDL Process Statement warning at segment_test.vhd(50): signal "B" is read inside the Process Statement but isn't in the Process Statement's sensitivity list File: /home/hwilcox/Documents/fpga_testing/comp/segment_test.vhd Line: 50
Warning (10492): VHDL Process Statement warning at segment_test.vhd(52): signal "B" is read inside the Process Statement but isn't in the Process Statement's sensitivity list File: /home/hwilcox/Documents/fpga_testing/comp/segment_test.vhd Line: 52
Warning (10492): VHDL Process Statement warning at segment_test.vhd(54): signal "B" is read inside the Process Statement but isn't in the Process Statement's sensitivity list File: /home/hwilcox/Documents/fpga_testing/comp/segment_test.vhd Line: 54
Warning (10631): VHDL Process Statement warning at segment_test.vhd(22): inferring latch(es) for signal or variable "HEXR_Control", which holds its previous value in one or more paths through the process File: /home/hwilcox/Documents/fpga_testing/comp/segment_test.vhd Line: 22
Info (10041): Inferred latch for "HEXR_Control[0]" at segment_test.vhd(22) File: /home/hwilcox/Documents/fpga_testing/comp/segment_test.vhd Line: 22
Info (10041): Inferred latch for "HEXR_Control[1]" at segment_test.vhd(22) File: /home/hwilcox/Documents/fpga_testing/comp/segment_test.vhd Line: 22
Info (10041): Inferred latch for "HEXR_Control[2]" at segment_test.vhd(22) File: /home/hwilcox/Documents/fpga_testing/comp/segment_test.vhd Line: 22
Info (10041): Inferred latch for "HEXR_Control[3]" at segment_test.vhd(22) File: /home/hwilcox/Documents/fpga_testing/comp/segment_test.vhd Line: 22
Info (10041): Inferred latch for "HEXR_Control[4]" at segment_test.vhd(22) File: /home/hwilcox/Documents/fpga_testing/comp/segment_test.vhd Line: 22
Info (10041): Inferred latch for "HEXR_Control[5]" at segment_test.vhd(22) File: /home/hwilcox/Documents/fpga_testing/comp/segment_test.vhd Line: 22
Info (10041): Inferred latch for "HEXR_Control[6]" at segment_test.vhd(22) File: /home/hwilcox/Documents/fpga_testing/comp/segment_test.vhd Line: 22
Info (10041): Inferred latch for "HEXR_Control[7]" at segment_test.vhd(22) File: /home/hwilcox/Documents/fpga_testing/comp/segment_test.vhd Line: 22
Info (12128): Elaborating entity "VGA_Controller" for hierarchy "VGA_Controller:VGA" File: /home/hwilcox/Documents/fpga_testing/quartus/DE10_LITE.vhd Line: 116
Warning (10540): VHDL Signal Declaration warning at VGA_Controller.vhd(30): used explicit default value for signal "h_default_pol" because signal was never assigned a value File: /home/hwilcox/Documents/fpga_testing/comp/VGA_Controller.vhd Line: 30
Warning (10540): VHDL Signal Declaration warning at VGA_Controller.vhd(31): used explicit default value for signal "v_default_pol" because signal was never assigned a value File: /home/hwilcox/Documents/fpga_testing/comp/VGA_Controller.vhd Line: 31
Warning (13039): The following bidirectional pins have no drivers
    Warning (13040): bidirectional pin "GSENSOR_SDI" has no driver File: /home/hwilcox/Documents/fpga_testing/quartus/DE10_LITE.vhd Line: 45
    Warning (13040): bidirectional pin "GSENSOR_SDO" has no driver File: /home/hwilcox/Documents/fpga_testing/quartus/DE10_LITE.vhd Line: 46
    Warning (13040): bidirectional pin "ARDUINO_IO[0]" has no driver File: /home/hwilcox/Documents/fpga_testing/quartus/DE10_LITE.vhd Line: 48
    Warning (13040): bidirectional pin "ARDUINO_IO[1]" has no driver File: /home/hwilcox/Documents/fpga_testing/quartus/DE10_LITE.vhd Line: 48
    Warning (13040): bidirectional pin "ARDUINO_IO[2]" has no driver File: /home/hwilcox/Documents/fpga_testing/quartus/DE10_LITE.vhd Line: 48
    Warning (13040): bidirectional pin "ARDUINO_IO[3]" has no driver File: /home/hwilcox/Documents/fpga_testing/quartus/DE10_LITE.vhd Line: 48
    Warning (13040): bidirectional pin "ARDUINO_IO[4]" has no driver File: /home/hwilcox/Documents/fpga_testing/quartus/DE10_LITE.vhd Line: 48
    Warning (13040): bidirectional pin "ARDUINO_IO[5]" has no driver File: /home/hwilcox/Documents/fpga_testing/quartus/DE10_LITE.vhd Line: 48
    Warning (13040): bidirectional pin "ARDUINO_IO[6]" has no driver File: /home/hwilcox/Documents/fpga_testing/quartus/DE10_LITE.vhd Line: 48
    Warning (13040): bidirectional pin "ARDUINO_IO[7]" has no driver File: /home/hwilcox/Documents/fpga_testing/quartus/DE10_LITE.vhd Line: 48
    Warning (13040): bidirectional pin "ARDUINO_IO[8]" has no driver File: /home/hwilcox/Documents/fpga_testing/quartus/DE10_LITE.vhd Line: 48
    Warning (13040): bidirectional pin "ARDUINO_IO[9]" has no driver File: /home/hwilcox/Documents/fpga_testing/quartus/DE10_LITE.vhd Line: 48
    Warning (13040): bidirectional pin "ARDUINO_IO[10]" has no driver File: /home/hwilcox/Documents/fpga_testing/quartus/DE10_LITE.vhd Line: 48
    Warning (13040): bidirectional pin "ARDUINO_IO[11]" has no driver File: /home/hwilcox/Documents/fpga_testing/quartus/DE10_LITE.vhd Line: 48
    Warning (13040): bidirectional pin "ARDUINO_IO[12]" has no driver File: /home/hwilcox/Documents/fpga_testing/quartus/DE10_LITE.vhd Line: 48
    Warning (13040): bidirectional pin "ARDUINO_IO[13]" has no driver File: /home/hwilcox/Documents/fpga_testing/quartus/DE10_LITE.vhd Line: 48
    Warning (13040): bidirectional pin "ARDUINO_IO[14]" has no driver File: /home/hwilcox/Documents/fpga_testing/quartus/DE10_LITE.vhd Line: 48
    Warning (13040): bidirectional pin "ARDUINO_IO[15]" has no driver File: /home/hwilcox/Documents/fpga_testing/quartus/DE10_LITE.vhd Line: 48
    Warning (13040): bidirectional pin "ARDUINO_RESET_N" has no driver File: /home/hwilcox/Documents/fpga_testing/quartus/DE10_LITE.vhd Line: 49
Warning (13024): Output pins are stuck at VCC or GND
    Warning (13410): Pin "DRAM_ADDR[0]" is stuck at GND File: /home/hwilcox/Documents/fpga_testing/quartus/DE10_LITE.vhd Line: 11
    Warning (13410): Pin "DRAM_ADDR[1]" is stuck at GND File: /home/hwilcox/Documents/fpga_testing/quartus/DE10_LITE.vhd Line: 11
    Warning (13410): Pin "DRAM_ADDR[2]" is stuck at GND File: /home/hwilcox/Documents/fpga_testing/quartus/DE10_LITE.vhd Line: 11
    Warning (13410): Pin "DRAM_ADDR[3]" is stuck at GND File: /home/hwilcox/Documents/fpga_testing/quartus/DE10_LITE.vhd Line: 11
    Warning (13410): Pin "DRAM_ADDR[4]" is stuck at GND File: /home/hwilcox/Documents/fpga_testing/quartus/DE10_LITE.vhd Line: 11
    Warning (13410): Pin "DRAM_ADDR[5]" is stuck at GND File: /home/hwilcox/Documents/fpga_testing/quartus/DE10_LITE.vhd Line: 11
    Warning (13410): Pin "DRAM_ADDR[6]" is stuck at GND File: /home/hwilcox/Documents/fpga_testing/quartus/DE10_LITE.vhd Line: 11
    Warning (13410): Pin "DRAM_ADDR[7]" is stuck at GND File: /home/hwilcox/Documents/fpga_testing/quartus/DE10_LITE.vhd Line: 11
    Warning (13410): Pin "DRAM_ADDR[8]" is stuck at GND File: /home/hwilcox/Documents/fpga_testing/quartus/DE10_LITE.vhd Line: 11
    Warning (13410): Pin "DRAM_ADDR[9]" is stuck at GND File: /home/hwilcox/Documents/fpga_testing/quartus/DE10_LITE.vhd Line: 11
    Warning (13410): Pin "DRAM_ADDR[10]" is stuck at GND File: /home/hwilcox/Documents/fpga_testing/quartus/DE10_LITE.vhd Line: 11
    Warning (13410): Pin "DRAM_ADDR[11]" is stuck at GND File: /home/hwilcox/Documents/fpga_testing/quartus/DE10_LITE.vhd Line: 11
    Warning (13410): Pin "DRAM_ADDR[12]" is stuck at GND File: /home/hwilcox/Documents/fpga_testing/quartus/DE10_LITE.vhd Line: 11
    Warning (13410): Pin "DRAM_BA[0]" is stuck at GND File: /home/hwilcox/Documents/fpga_testing/quartus/DE10_LITE.vhd Line: 12
    Warning (13410): Pin "DRAM_BA[1]" is stuck at GND File: /home/hwilcox/Documents/fpga_testing/quartus/DE10_LITE.vhd Line: 12
    Warning (13410): Pin "DRAM_CAS_N" is stuck at GND File: /home/hwilcox/Documents/fpga_testing/quartus/DE10_LITE.vhd Line: 13
    Warning (13410): Pin "DRAM_CKE" is stuck at GND File: /home/hwilcox/Documents/fpga_testing/quartus/DE10_LITE.vhd Line: 14
    Warning (13410): Pin "DRAM_CLK" is stuck at GND File: /home/hwilcox/Documents/fpga_testing/quartus/DE10_LITE.vhd Line: 15
    Warning (13410): Pin "DRAM_CS_N" is stuck at GND File: /home/hwilcox/Documents/fpga_testing/quartus/DE10_LITE.vhd Line: 16
    Warning (13410): Pin "DRAM_LDQM" is stuck at GND File: /home/hwilcox/Documents/fpga_testing/quartus/DE10_LITE.vhd Line: 18
    Warning (13410): Pin "DRAM_RAS_N" is stuck at GND File: /home/hwilcox/Documents/fpga_testing/quartus/DE10_LITE.vhd Line: 19
    Warning (13410): Pin "DRAM_UDQM" is stuck at GND File: /home/hwilcox/Documents/fpga_testing/quartus/DE10_LITE.vhd Line: 20
    Warning (13410): Pin "DRAM_WE_N" is stuck at GND File: /home/hwilcox/Documents/fpga_testing/quartus/DE10_LITE.vhd Line: 21
    Warning (13410): Pin "HEX0[7]" is stuck at VCC File: /home/hwilcox/Documents/fpga_testing/quartus/DE10_LITE.vhd Line: 23
    Warning (13410): Pin "HEX1[7]" is stuck at VCC File: /home/hwilcox/Documents/fpga_testing/quartus/DE10_LITE.vhd Line: 24
    Warning (13410): Pin "HEX2[7]" is stuck at VCC File: /home/hwilcox/Documents/fpga_testing/quartus/DE10_LITE.vhd Line: 25
    Warning (13410): Pin "HEX3[7]" is stuck at VCC File: /home/hwilcox/Documents/fpga_testing/quartus/DE10_LITE.vhd Line: 26
    Warning (13410): Pin "HEX4[7]" is stuck at VCC File: /home/hwilcox/Documents/fpga_testing/quartus/DE10_LITE.vhd Line: 27
    Warning (13410): Pin "HEX5[7]" is stuck at VCC File: /home/hwilcox/Documents/fpga_testing/quartus/DE10_LITE.vhd Line: 28
    Warning (13410): Pin "LEDR[1]" is stuck at GND File: /home/hwilcox/Documents/fpga_testing/quartus/DE10_LITE.vhd Line: 32
    Warning (13410): Pin "LEDR[2]" is stuck at GND File: /home/hwilcox/Documents/fpga_testing/quartus/DE10_LITE.vhd Line: 32
    Warning (13410): Pin "LEDR[3]" is stuck at GND File: /home/hwilcox/Documents/fpga_testing/quartus/DE10_LITE.vhd Line: 32
    Warning (13410): Pin "LEDR[4]" is stuck at GND File: /home/hwilcox/Documents/fpga_testing/quartus/DE10_LITE.vhd Line: 32
    Warning (13410): Pin "LEDR[5]" is stuck at GND File: /home/hwilcox/Documents/fpga_testing/quartus/DE10_LITE.vhd Line: 32
    Warning (13410): Pin "LEDR[6]" is stuck at GND File: /home/hwilcox/Documents/fpga_testing/quartus/DE10_LITE.vhd Line: 32
    Warning (13410): Pin "LEDR[7]" is stuck at GND File: /home/hwilcox/Documents/fpga_testing/quartus/DE10_LITE.vhd Line: 32
    Warning (13410): Pin "LEDR[8]" is stuck at GND File: /home/hwilcox/Documents/fpga_testing/quartus/DE10_LITE.vhd Line: 32
    Warning (13410): Pin "LEDR[9]" is stuck at GND File: /home/hwilcox/Documents/fpga_testing/quartus/DE10_LITE.vhd Line: 32
    Warning (13410): Pin "VGA_G[0]" is stuck at GND File: /home/hwilcox/Documents/fpga_testing/quartus/DE10_LITE.vhd Line: 37
    Warning (13410): Pin "VGA_G[1]" is stuck at GND File: /home/hwilcox/Documents/fpga_testing/quartus/DE10_LITE.vhd Line: 37
    Warning (13410): Pin "VGA_G[2]" is stuck at GND File: /home/hwilcox/Documents/fpga_testing/quartus/DE10_LITE.vhd Line: 37
    Warning (13410): Pin "VGA_G[3]" is stuck at GND File: /home/hwilcox/Documents/fpga_testing/quartus/DE10_LITE.vhd Line: 37
    Warning (13410): Pin "GSENSOR_CS_N" is stuck at GND File: /home/hwilcox/Documents/fpga_testing/quartus/DE10_LITE.vhd Line: 42
    Warning (13410): Pin "GSENSOR_SCLK" is stuck at GND File: /home/hwilcox/Documents/fpga_testing/quartus/DE10_LITE.vhd Line: 44
Info (286030): Timing-Driven Synthesis is running
Info (16010): Generating hard_block partition "hard_block:auto_generated_inst"
    Info (16011): Adding 1 node(s), including 0 DDIO, 1 PLL, 0 transceiver and 0 LCELL
Warning (21074): Design contains 32 input pin(s) that do not drive logic
    Warning (15610): No output dependent on input pin "ADC_CLK_10" File: /home/hwilcox/Documents/fpga_testing/quartus/DE10_LITE.vhd Line: 7
    Warning (15610): No output dependent on input pin "MAX10_CLK2_50" File: /home/hwilcox/Documents/fpga_testing/quartus/DE10_LITE.vhd Line: 9
    Warning (15610): No output dependent on input pin "DRAM_DQ[0]" File: /home/hwilcox/Documents/fpga_testing/quartus/DE10_LITE.vhd Line: 17
    Warning (15610): No output dependent on input pin "DRAM_DQ[1]" File: /home/hwilcox/Documents/fpga_testing/quartus/DE10_LITE.vhd Line: 17
    Warning (15610): No output dependent on input pin "DRAM_DQ[2]" File: /home/hwilcox/Documents/fpga_testing/quartus/DE10_LITE.vhd Line: 17
    Warning (15610): No output dependent on input pin "DRAM_DQ[3]" File: /home/hwilcox/Documents/fpga_testing/quartus/DE10_LITE.vhd Line: 17
    Warning (15610): No output dependent on input pin "DRAM_DQ[4]" File: /home/hwilcox/Documents/fpga_testing/quartus/DE10_LITE.vhd Line: 17
    Warning (15610): No output dependent on input pin "DRAM_DQ[5]" File: /home/hwilcox/Documents/fpga_testing/quartus/DE10_LITE.vhd Line: 17
    Warning (15610): No output dependent on input pin "DRAM_DQ[6]" File: /home/hwilcox/Documents/fpga_testing/quartus/DE10_LITE.vhd Line: 17
    Warning (15610): No output dependent on input pin "DRAM_DQ[7]" File: /home/hwilcox/Documents/fpga_testing/quartus/DE10_LITE.vhd Line: 17
    Warning (15610): No output dependent on input pin "DRAM_DQ[8]" File: /home/hwilcox/Documents/fpga_testing/quartus/DE10_LITE.vhd Line: 17
    Warning (15610): No output dependent on input pin "DRAM_DQ[9]" File: /home/hwilcox/Documents/fpga_testing/quartus/DE10_LITE.vhd Line: 17
    Warning (15610): No output dependent on input pin "DRAM_DQ[10]" File: /home/hwilcox/Documents/fpga_testing/quartus/DE10_LITE.vhd Line: 17
    Warning (15610): No output dependent on input pin "DRAM_DQ[11]" File: /home/hwilcox/Documents/fpga_testing/quartus/DE10_LITE.vhd Line: 17
    Warning (15610): No output dependent on input pin "DRAM_DQ[12]" File: /home/hwilcox/Documents/fpga_testing/quartus/DE10_LITE.vhd Line: 17
    Warning (15610): No output dependent on input pin "DRAM_DQ[13]" File: /home/hwilcox/Documents/fpga_testing/quartus/DE10_LITE.vhd Line: 17
    Warning (15610): No output dependent on input pin "DRAM_DQ[14]" File: /home/hwilcox/Documents/fpga_testing/quartus/DE10_LITE.vhd Line: 17
    Warning (15610): No output dependent on input pin "DRAM_DQ[15]" File: /home/hwilcox/Documents/fpga_testing/quartus/DE10_LITE.vhd Line: 17
    Warning (15610): No output dependent on input pin "KEY[0]" File: /home/hwilcox/Documents/fpga_testing/quartus/DE10_LITE.vhd Line: 30
    Warning (15610): No output dependent on input pin "KEY[1]" File: /home/hwilcox/Documents/fpga_testing/quartus/DE10_LITE.vhd Line: 30
    Warning (15610): No output dependent on input pin "SW[0]" File: /home/hwilcox/Documents/fpga_testing/quartus/DE10_LITE.vhd Line: 34
    Warning (15610): No output dependent on input pin "SW[1]" File: /home/hwilcox/Documents/fpga_testing/quartus/DE10_LITE.vhd Line: 34
    Warning (15610): No output dependent on input pin "SW[2]" File: /home/hwilcox/Documents/fpga_testing/quartus/DE10_LITE.vhd Line: 34
    Warning (15610): No output dependent on input pin "SW[3]" File: /home/hwilcox/Documents/fpga_testing/quartus/DE10_LITE.vhd Line: 34
    Warning (15610): No output dependent on input pin "SW[4]" File: /home/hwilcox/Documents/fpga_testing/quartus/DE10_LITE.vhd Line: 34
    Warning (15610): No output dependent on input pin "SW[5]" File: /home/hwilcox/Documents/fpga_testing/quartus/DE10_LITE.vhd Line: 34
    Warning (15610): No output dependent on input pin "SW[6]" File: /home/hwilcox/Documents/fpga_testing/quartus/DE10_LITE.vhd Line: 34
    Warning (15610): No output dependent on input pin "SW[7]" File: /home/hwilcox/Documents/fpga_testing/quartus/DE10_LITE.vhd Line: 34
    Warning (15610): No output dependent on input pin "SW[8]" File: /home/hwilcox/Documents/fpga_testing/quartus/DE10_LITE.vhd Line: 34
    Warning (15610): No output dependent on input pin "SW[9]" File: /home/hwilcox/Documents/fpga_testing/quartus/DE10_LITE.vhd Line: 34
    Warning (15610): No output dependent on input pin "GSENSOR_INT[1]" File: /home/hwilcox/Documents/fpga_testing/quartus/DE10_LITE.vhd Line: 43
    Warning (15610): No output dependent on input pin "GSENSOR_INT[2]" File: /home/hwilcox/Documents/fpga_testing/quartus/DE10_LITE.vhd Line: 43
Info (21057): Implemented 331 device resources after synthesis - the final resource count might be different
    Info (21058): Implemented 33 input pins
    Info (21059): Implemented 97 output pins
    Info (21060): Implemented 19 bidirectional pins
    Info (21061): Implemented 181 logic cells
    Info (21065): Implemented 1 PLLs
Info: Quartus Prime Analysis & Synthesis was successful. 0 errors, 130 warnings
    Info: Peak virtual memory: 506 megabytes
    Info: Processing ended: Sun Mar 30 16:47:13 2025
    Info: Elapsed time: 00:00:05
    Info: Total CPU time (on all processors): 00:00:13


